<?xml version="1.0" encoding="UTF-8"?>
<!-- Generated by org.testng.reporters.JUnitReportReporter -->
<testsuite hostname="DESKTOP-JDVV3AH" failures="0" tests="1" name="dd_testCases.Logintest" time="17.956" errors="0" timestamp="9 Feb 2019 04:16:54 GMT">
  <testcase classname="dd_testCases.Logintest" name="Login" time="17.956"/>
</testsuite> <!-- dd_testCases.Logintest -->
